W1209 07:51:16.635000 94760 site-packages/torch/distributed/run.py:774] 
W1209 07:51:16.635000 94760 site-packages/torch/distributed/run.py:774] *****************************************
W1209 07:51:16.635000 94760 site-packages/torch/distributed/run.py:774] Setting OMP_NUM_THREADS environment variable for each process to be 1 in default, to avoid your system being overloaded, please further tune the variable for optimal performance in your application as needed. 
W1209 07:51:16.635000 94760 site-packages/torch/distributed/run.py:774] *****************************************
Error executing job with overrides: ['arch=bert', 'data_paths=[data/crawl-mlm]', 'global_batch_size=256', 'epochs=100000', 'eval_interval=5000', 'lr=1e-4', 'arch.num_layers=4', 'arch.hidden_size=256', 'arch.num_heads=8', 'arch.max_position_embeddings=256', '+run_name=bert_wiki_20251209_075114', '+project_name=bert-wiki-training', 'checkpoint_every_eval=True']
Error executing job with overrides: ['arch=bert', 'data_paths=[data/crawl-mlm]', 'global_batch_size=256', 'epochs=100000', 'eval_interval=5000', 'lr=1e-4', 'arch.num_layers=4', 'arch.hidden_size=256', 'arch.num_heads=8', 'arch.max_position_embeddings=256', '+run_name=bert_wiki_20251209_075114', '+project_name=bert-wiki-training', 'checkpoint_every_eval=True']
Error executing job with overrides: ['arch=bert', 'data_paths=[data/crawl-mlm]', 'global_batch_size=256', 'epochs=100000', 'eval_interval=5000', 'lr=1e-4', 'arch.num_layers=4', 'arch.hidden_size=256', 'arch.num_heads=8', 'arch.max_position_embeddings=256', '+run_name=bert_wiki_20251209_075114', '+project_name=bert-wiki-training', 'checkpoint_every_eval=True']
Error executing job with overrides: ['arch=bert', 'data_paths=[data/crawl-mlm]', 'global_batch_size=256', 'epochs=100000', 'eval_interval=5000', 'lr=1e-4', 'arch.num_layers=4', 'arch.hidden_size=256', 'arch.num_heads=8', 'arch.max_position_embeddings=256', '+run_name=bert_wiki_20251209_075114', '+project_name=bert-wiki-training', 'checkpoint_every_eval=True']
Traceback (most recent call last):
Traceback (most recent call last):
Traceback (most recent call last):
Traceback (most recent call last):
  File "/work/projects/jdworak/jerry_ma_AD_ML/idea_density/lms/bert-trm/pretrain.py", line 598, in launch
    train_state = init_train_state(config, train_metadata, rank=RANK, world_size=WORLD_SIZE)
                  ^^^^^^^^^^^^^^^^^^^^^^^^^^^^^^^^^^^^^^^^^^^^^^^^^^^^^^^^^^^^^^^^^^^^^^^^^^
  File "/work/projects/jdworak/jerry_ma_AD_ML/idea_density/lms/bert-trm/pretrain.py", line 598, in launch
    train_state = init_train_state(config, train_metadata, rank=RANK, world_size=WORLD_SIZE)
                  ^^^^^^^^^^^^^^^^^^^^^^^^^^^^^^^^^^^^^^^^^^^^^^^^^^^^^^^^^^^^^^^^^^^^^^^^^^
  File "/work/projects/jdworak/jerry_ma_AD_ML/idea_density/lms/bert-trm/pretrain.py", line 598, in launch
    train_state = init_train_state(config, train_metadata, rank=RANK, world_size=WORLD_SIZE)
                  ^^^^^^^^^^^^^^^^^^^^^^^^^^^^^^^^^^^^^^^^^^^^^^^^^^^^^^^^^^^^^^^^^^^^^^^^^^
  File "/work/projects/jdworak/jerry_ma_AD_ML/idea_density/lms/bert-trm/pretrain.py", line 598, in launch
    train_state = init_train_state(config, train_metadata, rank=RANK, world_size=WORLD_SIZE)
                  ^^^^^^^^^^^^^^^^^^^^^^^^^^^^^^^^^^^^^^^^^^^^^^^^^^^^^^^^^^^^^^^^^^^^^^^^^^
  File "/work/projects/jdworak/jerry_ma_AD_ML/idea_density/lms/bert-trm/pretrain.py", line 234, in init_train_state
    model, optimizers, optimizer_lrs = create_model(config, train_metadata, rank=rank, world_size=world_size)
                                       ^^^^^^^^^^^^^^^^^^^^^^^^^^^^^^^^^^^^^^^^^^^^^^^^^^^^^^^^^^^^^^^^^^^^^^
  File "/work/projects/jdworak/jerry_ma_AD_ML/idea_density/lms/bert-trm/pretrain.py", line 234, in init_train_state
    model, optimizers, optimizer_lrs = create_model(config, train_metadata, rank=rank, world_size=world_size)
                                       ^^^^^^^^^^^^^^^^^^^^^^^^^^^^^^^^^^^^^^^^^^^^^^^^^^^^^^^^^^^^^^^^^^^^^^
  File "/work/projects/jdworak/jerry_ma_AD_ML/idea_density/lms/bert-trm/pretrain.py", line 234, in init_train_state
    model, optimizers, optimizer_lrs = create_model(config, train_metadata, rank=rank, world_size=world_size)
                                       ^^^^^^^^^^^^^^^^^^^^^^^^^^^^^^^^^^^^^^^^^^^^^^^^^^^^^^^^^^^^^^^^^^^^^^
  File "/work/projects/jdworak/jerry_ma_AD_ML/idea_density/lms/bert-trm/pretrain.py", line 234, in init_train_state
    model, optimizers, optimizer_lrs = create_model(config, train_metadata, rank=rank, world_size=world_size)
                                       ^^^^^^^^^^^^^^^^^^^^^^^^^^^^^^^^^^^^^^^^^^^^^^^^^^^^^^^^^^^^^^^^^^^^^^
  File "/work/projects/jdworak/jerry_ma_AD_ML/idea_density/lms/bert-trm/pretrain.py", line 145, in create_model
    model = torch.compile(model)  # type: ignore
            ^^^^^^^^^^^^^^^^^^^^
  File "/work/projects/jdworak/jerry_ma_AD_ML/idea_density/lms/bert-trm/pretrain.py", line 145, in create_model
    model = torch.compile(model)  # type: ignore
            ^^^^^^^^^^^^^^^^^^^^
  File "/work/projects/jdworak/jerry_ma_AD_ML/idea_density/lms/bert-trm/pretrain.py", line 145, in create_model
    model = torch.compile(model)  # type: ignore
            ^^^^^^^^^^^^^^^^^^^^
  File "/work/projects/jdworak/jerry_ma_AD_ML/idea_density/lms/bert-trm/pretrain.py", line 145, in create_model
    model = torch.compile(model)  # type: ignore
            ^^^^^^^^^^^^^^^^^^^^
  File "/users/jerryma/.conda/envs/torch2.8/lib/python3.12/site-packages/torch/__init__.py", line 2628, in compile
    return torch._dynamo.optimize(
           ^^^^^^^^^^^^^^^^^^^^^^^
  File "/users/jerryma/.conda/envs/torch2.8/lib/python3.12/site-packages/torch/__init__.py", line 2628, in compile
    return torch._dynamo.optimize(
           ^^^^^^^^^^^^^^^^^^^^^^^
  File "/users/jerryma/.conda/envs/torch2.8/lib/python3.12/site-packages/torch/__init__.py", line 2628, in compile
    return torch._dynamo.optimize(
           ^^^^^^^^^^^^^^^^^^^^^^^
  File "/users/jerryma/.conda/envs/torch2.8/lib/python3.12/site-packages/torch/__init__.py", line 2628, in compile
    return torch._dynamo.optimize(
           ^^^^^^^^^^^^^^^^^^^^^^^
  File "/users/jerryma/.conda/envs/torch2.8/lib/python3.12/site-packages/torch/_dynamo/eval_frame.py", line 1052, in optimize
    return _optimize(rebuild_ctx, *args, **kwargs)
           ^^^^^^^^^^^^^^^^^^^^^^^^^^^^^^^^^^^^^^^
  File "/users/jerryma/.conda/envs/torch2.8/lib/python3.12/site-packages/torch/_dynamo/eval_frame.py", line 1052, in optimize
    return _optimize(rebuild_ctx, *args, **kwargs)
           ^^^^^^^^^^^^^^^^^^^^^^^^^^^^^^^^^^^^^^^
  File "/users/jerryma/.conda/envs/torch2.8/lib/python3.12/site-packages/torch/_dynamo/eval_frame.py", line 1052, in optimize
    return _optimize(rebuild_ctx, *args, **kwargs)
           ^^^^^^^^^^^^^^^^^^^^^^^^^^^^^^^^^^^^^^^
  File "/users/jerryma/.conda/envs/torch2.8/lib/python3.12/site-packages/torch/_dynamo/eval_frame.py", line 1052, in optimize
    return _optimize(rebuild_ctx, *args, **kwargs)
           ^^^^^^^^^^^^^^^^^^^^^^^^^^^^^^^^^^^^^^^
  File "/users/jerryma/.conda/envs/torch2.8/lib/python3.12/site-packages/torch/_dynamo/eval_frame.py", line 1135, in _optimize
    backend.get_compiler_config()
  File "/users/jerryma/.conda/envs/torch2.8/lib/python3.12/site-packages/torch/_dynamo/eval_frame.py", line 1135, in _optimize
    backend.get_compiler_config()
  File "/users/jerryma/.conda/envs/torch2.8/lib/python3.12/site-packages/torch/_dynamo/eval_frame.py", line 1135, in _optimize
    backend.get_compiler_config()
  File "/users/jerryma/.conda/envs/torch2.8/lib/python3.12/site-packages/torch/_dynamo/eval_frame.py", line 1135, in _optimize
    backend.get_compiler_config()
  File "/users/jerryma/.conda/envs/torch2.8/lib/python3.12/site-packages/torch/__init__.py", line 2383, in get_compiler_config
    from torch._inductor.compile_fx import get_patched_config_dict
  File "/users/jerryma/.conda/envs/torch2.8/lib/python3.12/site-packages/torch/__init__.py", line 2383, in get_compiler_config
    from torch._inductor.compile_fx import get_patched_config_dict
  File "/users/jerryma/.conda/envs/torch2.8/lib/python3.12/site-packages/torch/__init__.py", line 2383, in get_compiler_config
    from torch._inductor.compile_fx import get_patched_config_dict
  File "/users/jerryma/.conda/envs/torch2.8/lib/python3.12/site-packages/torch/__init__.py", line 2383, in get_compiler_config
    from torch._inductor.compile_fx import get_patched_config_dict
  File "/users/jerryma/.conda/envs/torch2.8/lib/python3.12/site-packages/torch/_inductor/compile_fx.py", line 105, in <module>
    from .fx_passes.joint_graph import joint_graph_passes
  File "/users/jerryma/.conda/envs/torch2.8/lib/python3.12/site-packages/torch/_inductor/compile_fx.py", line 105, in <module>
    from .fx_passes.joint_graph import joint_graph_passes
  File "/users/jerryma/.conda/envs/torch2.8/lib/python3.12/site-packages/torch/_inductor/compile_fx.py", line 105, in <module>
    from .fx_passes.joint_graph import joint_graph_passes
  File "/users/jerryma/.conda/envs/torch2.8/lib/python3.12/site-packages/torch/_inductor/compile_fx.py", line 105, in <module>
    from .fx_passes.joint_graph import joint_graph_passes
  File "/users/jerryma/.conda/envs/torch2.8/lib/python3.12/site-packages/torch/_inductor/fx_passes/joint_graph.py", line 27, in <module>
    from ..pattern_matcher import (
  File "/users/jerryma/.conda/envs/torch2.8/lib/python3.12/site-packages/torch/_inductor/fx_passes/joint_graph.py", line 27, in <module>
    from ..pattern_matcher import (
  File "/users/jerryma/.conda/envs/torch2.8/lib/python3.12/site-packages/torch/_inductor/fx_passes/joint_graph.py", line 27, in <module>
    from ..pattern_matcher import (
  File "/users/jerryma/.conda/envs/torch2.8/lib/python3.12/site-packages/torch/_inductor/fx_passes/joint_graph.py", line 27, in <module>
    from ..pattern_matcher import (
  File "/users/jerryma/.conda/envs/torch2.8/lib/python3.12/site-packages/torch/_inductor/pattern_matcher.py", line 79, in <module>
    from .lowering import fallback_node_due_to_unsupported_type
  File "/users/jerryma/.conda/envs/torch2.8/lib/python3.12/site-packages/torch/_inductor/pattern_matcher.py", line 79, in <module>
    from .lowering import fallback_node_due_to_unsupported_type
  File "/users/jerryma/.conda/envs/torch2.8/lib/python3.12/site-packages/torch/_inductor/pattern_matcher.py", line 79, in <module>
    from .lowering import fallback_node_due_to_unsupported_type
  File "/users/jerryma/.conda/envs/torch2.8/lib/python3.12/site-packages/torch/_inductor/pattern_matcher.py", line 79, in <module>
    from .lowering import fallback_node_due_to_unsupported_type
  File "/users/jerryma/.conda/envs/torch2.8/lib/python3.12/site-packages/torch/_inductor/lowering.py", line 7115, in <module>
    import_submodule(kernel)
  File "/users/jerryma/.conda/envs/torch2.8/lib/python3.12/site-packages/torch/_inductor/lowering.py", line 7115, in <module>
    import_submodule(kernel)
  File "/users/jerryma/.conda/envs/torch2.8/lib/python3.12/site-packages/torch/_inductor/lowering.py", line 7115, in <module>
    import_submodule(kernel)
  File "/users/jerryma/.conda/envs/torch2.8/lib/python3.12/site-packages/torch/_inductor/lowering.py", line 7115, in <module>
    import_submodule(kernel)
  File "/users/jerryma/.conda/envs/torch2.8/lib/python3.12/site-packages/torch/_dynamo/utils.py", line 3549, in import_submodule
    importlib.import_module(f"{mod.__name__}.{filename[:-3]}")
  File "/users/jerryma/.conda/envs/torch2.8/lib/python3.12/site-packages/torch/_dynamo/utils.py", line 3549, in import_submodule
    importlib.import_module(f"{mod.__name__}.{filename[:-3]}")
  File "/users/jerryma/.conda/envs/torch2.8/lib/python3.12/site-packages/torch/_dynamo/utils.py", line 3549, in import_submodule
    importlib.import_module(f"{mod.__name__}.{filename[:-3]}")
  File "/users/jerryma/.conda/envs/torch2.8/lib/python3.12/site-packages/torch/_dynamo/utils.py", line 3549, in import_submodule
    importlib.import_module(f"{mod.__name__}.{filename[:-3]}")
  File "/users/jerryma/.conda/envs/torch2.8/lib/python3.12/importlib/__init__.py", line 90, in import_module
    return _bootstrap._gcd_import(name[level:], package, level)
           ^^^^^^^^^^^^^^^^^^^^^^^^^^^^^^^^^^^^^^^^^^^^^^^^^^^^
  File "/users/jerryma/.conda/envs/torch2.8/lib/python3.12/importlib/__init__.py", line 90, in import_module
    return _bootstrap._gcd_import(name[level:], package, level)
           ^^^^^^^^^^^^^^^^^^^^^^^^^^^^^^^^^^^^^^^^^^^^^^^^^^^^
  File "/users/jerryma/.conda/envs/torch2.8/lib/python3.12/importlib/__init__.py", line 90, in import_module
    return _bootstrap._gcd_import(name[level:], package, level)
           ^^^^^^^^^^^^^^^^^^^^^^^^^^^^^^^^^^^^^^^^^^^^^^^^^^^^
  File "/users/jerryma/.conda/envs/torch2.8/lib/python3.12/importlib/__init__.py", line 90, in import_module
    return _bootstrap._gcd_import(name[level:], package, level)
           ^^^^^^^^^^^^^^^^^^^^^^^^^^^^^^^^^^^^^^^^^^^^^^^^^^^^
  File "/users/jerryma/.conda/envs/torch2.8/lib/python3.12/site-packages/torch/_inductor/kernel/mm_scaled.py", line 23, in <module>
    from .mm_common import (
  File "/users/jerryma/.conda/envs/torch2.8/lib/python3.12/site-packages/torch/_inductor/kernel/mm_scaled.py", line 23, in <module>
    from .mm_common import (
  File "/users/jerryma/.conda/envs/torch2.8/lib/python3.12/site-packages/torch/_inductor/kernel/mm_scaled.py", line 23, in <module>
    from .mm_common import (
  File "/users/jerryma/.conda/envs/torch2.8/lib/python3.12/site-packages/torch/_inductor/kernel/mm_scaled.py", line 23, in <module>
    from .mm_common import (
ImportError: cannot import name 'persistent_grid' from 'torch._inductor.kernel.mm_common' (/users/jerryma/.conda/envs/torch2.8/lib/python3.12/site-packages/torch/_inductor/kernel/mm_common.py)
ImportError: cannot import name 'persistent_grid' from 'torch._inductor.kernel.mm_common' (/users/jerryma/.conda/envs/torch2.8/lib/python3.12/site-packages/torch/_inductor/kernel/mm_common.py)
ImportError: cannot import name 'persistent_grid' from 'torch._inductor.kernel.mm_common' (/users/jerryma/.conda/envs/torch2.8/lib/python3.12/site-packages/torch/_inductor/kernel/mm_common.py)
ImportError: cannot import name 'persistent_grid' from 'torch._inductor.kernel.mm_common' (/users/jerryma/.conda/envs/torch2.8/lib/python3.12/site-packages/torch/_inductor/kernel/mm_common.py)

Set the environment variable HYDRA_FULL_ERROR=1 for a complete stack trace.

Set the environment variable HYDRA_FULL_ERROR=1 for a complete stack trace.

Set the environment variable HYDRA_FULL_ERROR=1 for a complete stack trace.

Set the environment variable HYDRA_FULL_ERROR=1 for a complete stack trace.
[rank0]:[W1209 07:52:08.331101690 ProcessGroupNCCL.cpp:1538] Warning: WARNING: destroy_process_group() was not called before program exit, which can leak resources. For more info, please see https://pytorch.org/docs/stable/distributed.html#shutdown (function operator())
W1209 07:52:08.973000 94760 site-packages/torch/distributed/elastic/multiprocessing/api.py:900] Sending process 94793 closing signal SIGTERM
W1209 07:52:08.974000 94760 site-packages/torch/distributed/elastic/multiprocessing/api.py:900] Sending process 94794 closing signal SIGTERM
W1209 07:52:08.975000 94760 site-packages/torch/distributed/elastic/multiprocessing/api.py:900] Sending process 94795 closing signal SIGTERM
E1209 07:52:09.689000 94760 site-packages/torch/distributed/elastic/multiprocessing/api.py:874] failed (exitcode: 1) local_rank: 0 (pid: 94792) of binary: /users/jerryma/.conda/envs/torch2.8/bin/python3.12
Traceback (most recent call last):
  File "/users/jerryma/.conda/envs/torch2.8/bin/torchrun", line 8, in <module>
    sys.exit(main())
             ^^^^^^
  File "/users/jerryma/.conda/envs/torch2.8/lib/python3.12/site-packages/torch/distributed/elastic/multiprocessing/errors/__init__.py", line 357, in wrapper
    return f(*args, **kwargs)
           ^^^^^^^^^^^^^^^^^^
  File "/users/jerryma/.conda/envs/torch2.8/lib/python3.12/site-packages/torch/distributed/run.py", line 901, in main
    run(args)
  File "/users/jerryma/.conda/envs/torch2.8/lib/python3.12/site-packages/torch/distributed/run.py", line 892, in run
    elastic_launch(
  File "/users/jerryma/.conda/envs/torch2.8/lib/python3.12/site-packages/torch/distributed/launcher/api.py", line 143, in __call__
    return launch_agent(self._config, self._entrypoint, list(args))
           ^^^^^^^^^^^^^^^^^^^^^^^^^^^^^^^^^^^^^^^^^^^^^^^^^^^^^^^^
  File "/users/jerryma/.conda/envs/torch2.8/lib/python3.12/site-packages/torch/distributed/launcher/api.py", line 277, in launch_agent
    raise ChildFailedError(
torch.distributed.elastic.multiprocessing.errors.ChildFailedError: 
============================================================
pretrain.py FAILED
------------------------------------------------------------
Failures:
  <NO_OTHER_FAILURES>
------------------------------------------------------------
Root Cause (first observed failure):
[0]:
  time      : 2025-12-09_07:52:08
  host      : bcm-dgxa100-0002.cm.cluster
  rank      : 0 (local_rank: 0)
  exitcode  : 1 (pid: 94792)
  error_file: <N/A>
  traceback : To enable traceback see: https://pytorch.org/docs/stable/elastic/errors.html
============================================================
